.\venv\Scripts\python.e
xe : Traceback (most 
recent call last):
At line:1 char:1
+ .\venv\Scripts\python
.exe app.py 2>&1 | 
Out-File -Encoding 
utf8 error ...
+ ~~~~~~~~~~~~~~~~~~~~~
~~~~~~~~~~~~~~~~
    + CategoryInfo     
         : NotSpecifi  
  ed: (Traceback (mo   
 st recent call las    
t)::String) [], Re    
moteException
    + FullyQualifiedEr 
   rorId : NativeComm  
  andError
 
  File "C:\Users\mishr\
OneDrive\Desktop\Health
Connect\Frontend\doctor
-portal\backend\app.py"
, line 5, in <module>
    from models import 
db
  File "C:\Users\mishr\
OneDrive\Desktop\Health
Connect\Frontend\doctor
-portal\backend\models.
py", line 2, in 
<module>
    from 
flask_sqlalchemy 
import SQLAlchemy
  File "C:\Users\mishr\
OneDrive\Desktop\Health
Connect\Frontend\doctor
-portal\backend\venv\Li
b\site-packages\flask_s
qlalchemy\__init__.py",
 line 5, in <module>
    from .extension 
import SQLAlchemy
  File "C:\Users\mishr\
OneDrive\Desktop\Health
Connect\Frontend\doctor
-portal\backend\venv\Li
b\site-packages\flask_s
qlalchemy\extension.py"
, line 9, in <module>
    import sqlalchemy 
as sa
  File "C:\Users\mishr\
OneDrive\Desktop\Health
Connect\Frontend\doctor
-portal\backend\venv\Li
b\site-packages\sqlalch
emy\__init__.py", line 
13, in <module>
    from .engine 
import 
AdaptedConnection as 
AdaptedConnection
  File "C:\Users\mishr\
OneDrive\Desktop\Health
Connect\Frontend\doctor
-portal\backend\venv\Li
b\site-packages\sqlalch
emy\engine\__init__.py"
, line 18, in <module>
    from . import 
events as events
  File "C:\Users\mishr\
OneDrive\Desktop\Health
Connect\Frontend\doctor
-portal\backend\venv\Li
b\site-packages\sqlalch
emy\engine\events.py", 
line 19, in <module>
    from .base import 
Connection
  File "C:\Users\mishr\
OneDrive\Desktop\Health
Connect\Frontend\doctor
-portal\backend\venv\Li
b\site-packages\sqlalch
emy\engine\base.py", 
line 30, in <module>
    from .interfaces 
import BindTyping
  File "C:\Users\mishr\
OneDrive\Desktop\Health
Connect\Frontend\doctor
-portal\backend\venv\Li
b\site-packages\sqlalch
emy\engine\interfaces.p
y", line 38, in 
<module>
    from 
..sql.compiler import 
Compiled as Compiled
  File "C:\Users\mishr\
OneDrive\Desktop\Health
Connect\Frontend\doctor
-portal\backend\venv\Li
b\site-packages\sqlalch
emy\sql\__init__.py", 
line 14, in <module>
    from .compiler 
import COLLECT_CARTESIA
N_PRODUCTS as COLLECT_C
ARTESIAN_PRODUCTS
  File "C:\Users\mishr\
OneDrive\Desktop\Health
Connect\Frontend\doctor
-portal\backend\venv\Li
b\site-packages\sqlalch
emy\sql\compiler.py", 
line 61, in <module>
    from . import crud
  File "C:\Users\mishr\
OneDrive\Desktop\Health
Connect\Frontend\doctor
-portal\backend\venv\Li
b\site-packages\sqlalch
emy\sql\crud.py", line 
34, in <module>
    from . import dml
  File "C:\Users\mishr\
OneDrive\Desktop\Health
Connect\Frontend\doctor
-portal\backend\venv\Li
b\site-packages\sqlalch
emy\sql\dml.py", line 
34, in <module>
    from . import util 
as sql_util
  File "C:\Users\mishr\
OneDrive\Desktop\Health
Connect\Frontend\doctor
-portal\backend\venv\Li
b\site-packages\sqlalch
emy\sql\util.py", line 
46, in <module>
    from .ddl import 
sort_tables as 
sort_tables  # noqa: 
F401
    ^^^^^^^^^^^^^^^^^^^
^^^^^^^^^^^^^^^^^^^^^^^
^
  File "C:\Users\mishr\
OneDrive\Desktop\Health
Connect\Frontend\doctor
-portal\backend\venv\Li
b\site-packages\sqlalch
emy\sql\ddl.py", line 
30, in <module>
    from .elements 
import ClauseElement
  File "C:\Users\mishr\
OneDrive\Desktop\Health
Connect\Frontend\doctor
-portal\backend\venv\Li
b\site-packages\sqlalch
emy\sql\elements.py", 
line 808, in <module>
    class SQLCoreOperat
ions(Generic[_T_co], 
ColumnOperators, 
TypingOnly):
    ...<472 lines>...
                ...
  File "C:\Python313\Li
b\typing.py", line 
1257, in 
_generic_init_subclass
    super(Generic, cls)
.__init_subclass__(*arg
s, **kwargs)
    ~~~~~~~~~~~~~~~~~~~
~~~~~~~~~~~~~~~~~~^^^^^
^^^^^^^^^^^^
  File "C:\Users\mishr\
OneDrive\Desktop\Health
Connect\Frontend\doctor
-portal\backend\venv\Li
b\site-packages\sqlalch
emy\util\langhelpers.py
", line 1988, in 
__init_subclass__
    raise 
AssertionError(
    ...<2 lines>...
    )
AssertionError: Class 
<class 'sqlalchemy.sql.
elements.SQLCoreOperati
ons'> directly 
inherits TypingOnly 
but has additional 
attributes 
{'__firstlineno__', '__
static_attributes__'}.
